1 line
2 line
3 line
4 line DEBUG
5 line
6 line
7 line
8 line
9 line
10 line
11 line
12 line  
13 line   
14 line
15 line
16 line           fdfd   
17 line   fdsffffdfeoint main (this ifdsa)
18 line fepdsss#include <stio.g>
19 line fdsdpfsdf
20 line sdfa
21 line DEBUG
22 line INFO
23 line DEBUG
24 line ERROR
25 line
26 line
27 line
28 line
29 line
30 line DEBUG
31 line
32 DEBUG
33 DEBUG
34 DEBUG
35 DEBUG
36 line  DEBUG
37 line
38 line
39 line
40 line
40 line
40 line
40 line
40 line
40 line
40 line
40 line
41 line DEBUG 
41 line DEBUG 
41 line DEBUG 
41 line DEBUG 
41 line DEBUG 
